<html>
<head>
<title>TestNG:  Test</title>
<link href="../testng.css" rel="stylesheet" type="text/css" />
<link href="../my-testng.css" rel="stylesheet" type="text/css" />

<style type="text/css">
.log { display: none;} 
.stack-trace { display: none;} 
</style>
<script type="text/javascript">
<!--
function flip(e) {
  current = e.style.display;
  if (current == 'block') {
    e.style.display = 'none';
    return 0;
  }
  else {
    e.style.display = 'block';
    return 1;
  }
}

function toggleBox(szDivId, elem, msg1, msg2)
{
  var res = -1;  if (document.getElementById) {
    res = flip(document.getElementById(szDivId));
  }
  else if (document.all) {
    // this is the way old msie versions work
    res = flip(document.all[szDivId]);
  }
  if(elem) {
    if(res == 0) elem.innerHTML = msg1; else elem.innerHTML = msg2;
  }

}

function toggleAllBoxes() {
  if (document.getElementsByTagName) {
    d = document.getElementsByTagName('div');
    for (i = 0; i < d.length; i++) {
      if (d[i].className == 'log') {
        flip(d[i]);
      }
    }
  }
}

// -->
</script>

</head>
<body>
<h2 align='center'>Test</h2><table border='1' align="center">
<tr>
<td>Tests passed/Failed/Skipped:</td><td>9/1/0</td>
</tr><tr>
<td>Started on:</td><td>Mon Oct 03 21:36:30 IST 2022</td>
</tr>
<tr><td>Total time:</td><td>180 seconds (180925 ms)</td>
</tr><tr>
<td>Included groups:</td><td></td>
</tr><tr>
<td>Excluded groups:</td><td></td>
</tr>
</table><p/>
<small><i>(Hover the method name to see the test class name)</i></small><p/>
<table width='100%' border='1' class='invocation-failed'>
<tr><td colspan='4' align='center'><b>FAILED TESTS</b></td></tr>
<tr><td><b>Test method</b></td>
<td width="30%"><b>Exception</b></td>
<td width="10%"><b>Time (seconds)</b></td>
<td><b>Instance</b></td>
</tr>
<tr>
<td title='Test.LoginPageTest.validateInvalidLoginCred()'><b>validateInvalidLoginCred</b><br>Test class: Test.LoginPageTest</td>
<td><div><pre>java.lang.AssertionError: expected [password that you&apos;ve entered is incorrect. Forgotten password?] but found [The email address or mobile number you entered isn&apos;t connected to an account. Find your account and log in.]
	at Test.LoginPageTest.validateInvalidLoginCred(LoginPageTest.java:85)
	at java.base/java.util.ArrayList.forEach(ArrayList.java:1511)
... Removed 32 stack frames</pre></div><a href='#' onClick='toggleBox("stack-trace1454942961", this, "Click to show all stack frames", "Click to hide stack frames")'>Click to show all stack frames</a>
<div class='stack-trace' id='stack-trace1454942961'><pre>java.lang.AssertionError: expected [password that you&apos;ve entered is incorrect. Forgotten password?] but found [The email address or mobile number you entered isn&apos;t connected to an account. Find your account and log in.]
	at org.testng.Assert.fail(Assert.java:97)
	at org.testng.Assert.assertEqualsImpl(Assert.java:136)
	at org.testng.Assert.assertEquals(Assert.java:118)
	at org.testng.Assert.assertEquals(Assert.java:575)
	at org.testng.Assert.assertEquals(Assert.java:585)
	at Test.LoginPageTest.validateInvalidLoginCred(LoginPageTest.java:85)
	at java.base/jdk.internal.reflect.NativeMethodAccessorImpl.invoke0(Native Method)
	at java.base/jdk.internal.reflect.NativeMethodAccessorImpl.invoke(NativeMethodAccessorImpl.java:77)
	at java.base/jdk.internal.reflect.DelegatingMethodAccessorImpl.invoke(DelegatingMethodAccessorImpl.java:43)
	at java.base/java.lang.reflect.Method.invoke(Method.java:568)
	at org.testng.internal.MethodInvocationHelper.invokeMethod(MethodInvocationHelper.java:134)
	at org.testng.internal.TestInvoker.invokeMethod(TestInvoker.java:597)
	at org.testng.internal.TestInvoker.invokeTestMethod(TestInvoker.java:173)
	at org.testng.internal.MethodRunner.runInSequence(MethodRunner.java:46)
	at org.testng.internal.TestInvoker$MethodInvocationAgent.invoke(TestInvoker.java:816)
	at org.testng.internal.TestInvoker.invokeTestMethods(TestInvoker.java:146)
	at org.testng.internal.TestMethodWorker.invokeTestMethods(TestMethodWorker.java:146)
	at org.testng.internal.TestMethodWorker.run(TestMethodWorker.java:128)
	at java.base/java.util.ArrayList.forEach(ArrayList.java:1511)
	at org.testng.TestRunner.privateRun(TestRunner.java:766)
	at org.testng.TestRunner.run(TestRunner.java:587)
	at org.testng.SuiteRunner.runTest(SuiteRunner.java:384)
	at org.testng.SuiteRunner.runSequentially(SuiteRunner.java:378)
	at org.testng.SuiteRunner.privateRun(SuiteRunner.java:337)
	at org.testng.SuiteRunner.run(SuiteRunner.java:286)
	at org.testng.SuiteRunnerWorker.runSuite(SuiteRunnerWorker.java:53)
	at org.testng.SuiteRunnerWorker.run(SuiteRunnerWorker.java:96)
	at org.testng.TestNG.runSuitesSequentially(TestNG.java:1187)
	at org.testng.TestNG.runSuitesLocally(TestNG.java:1109)
	at org.testng.TestNG.runSuites(TestNG.java:1039)
	at org.testng.TestNG.run(TestNG.java:1007)
	at org.testng.remote.AbstractRemoteTestNG.run(AbstractRemoteTestNG.java:115)
	at org.testng.remote.RemoteTestNG.initAndRun(RemoteTestNG.java:251)
	at org.testng.remote.RemoteTestNG.main(RemoteTestNG.java:77)
</pre></div></td>
<td>2</td>
<td>Test.LoginPageTest@54afd745</td></tr>
</table><p>
<table width='100%' border='1' class='invocation-passed'>
<tr><td colspan='4' align='center'><b>PASSED TESTS</b></td></tr>
<tr><td><b>Test method</b></td>
<td width="30%"><b>Exception</b></td>
<td width="10%"><b>Time (seconds)</b></td>
<td><b>Instance</b></td>
</tr>
<tr>
<td title='Test.FindFriendTest.FriendFindPost()'><b>FriendFindPost</b><br>Test class: Test.FindFriendTest</td>
<td></td>
<td>8</td>
<td>Test.FindFriendTest@10027fc9</td></tr>
<tr>
<td title='Test.Browser.Login()'><b>Login</b><br>Test class: Test.Browser</td>
<td></td>
<td>1</td>
<td>Test.Browser@677dbd89</td></tr>
<tr>
<td title='Test.WatchVideoTest.WatchPost()'><b>WatchPost</b><br>Test class: Test.WatchVideoTest</td>
<td></td>
<td>68</td>
<td>Test.WatchVideoTest@5dda6f9</td></tr>
<tr>
<td title='Test.TestAnnotations.test()'><b>test</b><br>Test class: Test.TestAnnotations<br/>
<a href="#Output-653345773" onClick='toggleBox("Output-653345773", this, "Show output", "Hide output");'>Show output</a>

<a href="#Output-653345773" onClick="toggleAllBoxes();">Show all outputs</a>
<div class='log' id="Output-653345773">
Test<br/>
</div>
</td>
<td></td>
<td>0</td>
<td>Test.TestAnnotations@6d6bc158</td></tr>
<tr>
<td title='Test.TestAnnotations.test2()'><b>test2</b><br>Test class: Test.TestAnnotations<br/>
<a href="#Output-61304908" onClick='toggleBox("Output-61304908", this, "Show output", "Hide output");'>Show output</a>

<a href="#Output-61304908" onClick="toggleAllBoxes();">Show all outputs</a>
<div class='log' id="Output-61304908">
Test2<br/>
</div>
</td>
<td></td>
<td>0</td>
<td>Test.TestAnnotations@6d6bc158</td></tr>
<tr>
<td title='Test.TestAnnotations.test3()'><b>test3</b><br>Test class: Test.TestAnnotations<br/>
<a href="#Output-2111247080" onClick='toggleBox("Output-2111247080", this, "Show output", "Hide output");'>Show output</a>

<a href="#Output-2111247080" onClick="toggleAllBoxes();">Show all outputs</a>
<div class='log' id="Output-2111247080">
Test3<br/>
</div>
</td>
<td></td>
<td>0</td>
<td>Test.TestAnnotations@6d6bc158</td></tr>
<tr>
<td title='Test.TestAnnotations.test3()'><b>test3</b><br>Test class: Test.TestAnnotations<br/>
<a href="#Output-2080125222" onClick='toggleBox("Output-2080125222", this, "Show output", "Hide output");'>Show output</a>

<a href="#Output-2080125222" onClick="toggleAllBoxes();">Show all outputs</a>
<div class='log' id="Output-2080125222">
Test3<br/>
</div>
</td>
<td></td>
<td>0</td>
<td>Test.TestAnnotations@6d6bc158</td></tr>
<tr>
<td title='Test.LoginPageTest.validLoginPageWithXlsxDataTest()'><b>validLoginPageWithXlsxDataTest</b><br>Test class: Test.LoginPageTest</td>
<td></td>
<td>8</td>
<td>Test.LoginPageTest@54afd745</td></tr>
<tr>
<td title='Test.LoginPageTest.validLoginPagewithConfigDataTest()'><b>validLoginPagewithConfigDataTest</b><br>Test class: Test.LoginPageTest</td>
<td></td>
<td>6</td>
<td>Test.LoginPageTest@54afd745</td></tr>
</table><p>
</body>
</html>